<?xml version="1.0" encoding="UTF-8"?>
<!-- Generated by org.testng.reporters.JUnitReportReporter -->
<testsuite hostname="DESKTOP-CUCVM4E" failures="0" tests="6" name="storedprocedureTesting.SPTesting" time="0.093" errors="0" timestamp="2023-08-11T14:24:39 IST" skipped="0">
  <testcase classname="storedprocedureTesting.SPTesting" name="test_storedProceduresExists" time="0.029"/>
  <testcase classname="storedprocedureTesting.SPTesting" name="test_SelectAllCustomers" time="0.034"/>
  <testcase classname="storedprocedureTesting.SPTesting" name="test_SelectAllcustomerByCity" time="0.010"/>
  <testcase classname="storedprocedureTesting.SPTesting" name="test_SelectAllCustomersByCityAndPin" time="0.006"/>
  <testcase classname="storedprocedureTesting.SPTesting" name="test_get_order_by_cust" time="0.009"/>
  <testcase classname="storedprocedureTesting.SPTesting" name="test_getCustomerShipping" time="0.005"/>
</testsuite> <!-- storedprocedureTesting.SPTesting -->
