<?xml version="1.0" encoding="UTF-8"?>
<!-- Generated by org.testng.reporters.JUnitReportReporter -->
<testsuite hostname="DESKTOP-CUCVM4E" failures="0" tests="1" name="storedFunctionTesting.SFTesting" time="0.031" errors="0" timestamp="2023-08-12T02:33:42 IST" skipped="0">
  <testcase classname="storedFunctionTesting.SFTesting" name="test_storedFunctionExists" time="0.031"/>
</testsuite> <!-- storedFunctionTesting.SFTesting -->
